2013-09-22 14:43:39,381 ERROR [main] - org.scala-ide.sdt.core - org.scala-ide.sdt.core - org.scala-ide.sdt.core - 0 - Error during askOption
java.util.NoSuchElementException: key not found: /Users/creasywuqiong/workplace/github/learning/courses/fp_scala/example/src/test/scala/example/ListsSuite.scala
	at scala.collection.MapLike$class.default(MapLike.scala:228)
	at scala.collection.AbstractMap.default(Map.scala:58)
	at scala.collection.MapLike$class.apply(MapLike.scala:141)
	at scala.tools.nsc.interactive.Global$$anon$4.scala$collection$mutable$SynchronizedMap$$super$apply(Global.scala:79)
	at scala.collection.mutable.SynchronizedMap$class.apply(SynchronizedMap.scala:48)
	at scala.tools.nsc.interactive.Global$$anon$4.apply(Global.scala:79)
	at scala.tools.refactoring.implementations.MarkOccurrences.occurrencesOf(MarkOccurrences.scala:28)
	at scala.tools.eclipse.markoccurrences.ScalaOccurrencesFinder$$anonfun$findOccurrences$1$$anonfun$apply$4.apply(ScalaOccurrencesFinder.scala:73)
	at scala.tools.eclipse.markoccurrences.ScalaOccurrencesFinder$$anonfun$findOccurrences$1$$anonfun$apply$4.apply(ScalaOccurrencesFinder.scala:71)
	at scala.tools.nsc.util.InterruptReq.execute(InterruptReq.scala:26)
	at scala.tools.nsc.interactive.Global.pollForWork(Global.scala:339)
	at scala.tools.nsc.interactive.Global.checkForMoreWork(Global.scala:400)
	at scala.tools.nsc.interactive.Global.signalParseProgress(Global.scala:229)
	at scala.tools.nsc.ast.parser.Parsers$Parser.funDefRest(Parsers.scala:2575)
	at scala.tools.nsc.ast.parser.Parsers$Parser.funDefOrDcl(Parsers.scala:2538)
	at scala.tools.nsc.ast.parser.Parsers$Parser.defOrDcl(Parsers.scala:2421)
	at scala.tools.nsc.ast.parser.Parsers$Parser.nonLocalDefOrDcl(Parsers.scala:2433)
	at scala.tools.nsc.ast.parser.Parsers$Parser$$anonfun$templateStatSeq$1$$anonfun$apply$5.apply(Parsers.scala:2997)
	at scala.tools.nsc.ast.parser.Parsers$Parser$$anonfun$templateStatSeq$1$$anonfun$apply$5.apply(Parsers.scala:2997)
	at scala.tools.nsc.ast.parser.Parsers$Parser.joinComment(Parsers.scala:683)
	at scala.tools.nsc.ast.parser.Parsers$Parser$$anonfun$templateStatSeq$1.apply(Parsers.scala:2997)
	at scala.tools.nsc.ast.parser.Parsers$Parser$$anonfun$templateStatSeq$1.apply(Parsers.scala:2966)
	at scala.tools.nsc.ast.parser.Parsers$Parser.checkNoEscapingPlaceholders(Parsers.scala:428)
	at scala.tools.nsc.ast.parser.Parsers$Parser.templateStatSeq(Parsers.scala:2966)
	at scala.tools.nsc.ast.parser.Parsers$Parser.templateBody(Parsers.scala:2846)
	at scala.tools.nsc.ast.parser.Parsers$Parser.templateBodyOpt(Parsers.scala:2853)
	at scala.tools.nsc.ast.parser.Parsers$Parser.template(Parsers.scala:2790)
	at scala.tools.nsc.ast.parser.Parsers$Parser.templateOpt(Parsers.scala:2808)
	at scala.tools.nsc.ast.parser.Parsers$Parser$$anonfun$classDef$1.apply(Parsers.scala:2709)
	at scala.tools.nsc.ast.parser.Parsers$Parser$$anonfun$classDef$1.apply(Parsers.scala:2690)
	at scala.tools.nsc.ast.parser.Parsers$Parser.savingClassContextBounds(Parsers.scala:290)
	at scala.tools.nsc.ast.parser.Parsers$Parser.classDef(Parsers.scala:2690)
	at scala.tools.nsc.ast.parser.Parsers$Parser.tmplDef(Parsers.scala:2666)
	at scala.tools.nsc.ast.parser.Parsers$Parser.topLevelTmplDef(Parsers.scala:2651)
	at scala.tools.nsc.ast.parser.Parsers$Parser$$anonfun$topStatSeq$2.apply(Parsers.scala:2937)
	at scala.tools.nsc.ast.parser.Parsers$Parser$$anonfun$topStatSeq$2.apply(Parsers.scala:2937)
	at scala.tools.nsc.ast.parser.Parsers$Parser.joinComment(Parsers.scala:683)
	at scala.tools.nsc.ast.parser.Parsers$Parser.topStatSeq(Parsers.scala:2937)
	at scala.tools.nsc.ast.parser.Parsers$Parser$$anonfun$compilationUnit$1.topstats$1(Parsers.scala:3132)
	at scala.tools.nsc.ast.parser.Parsers$Parser$$anonfun$compilationUnit$1.topstats$1(Parsers.scala:3124)
	at scala.tools.nsc.ast.parser.Parsers$Parser$$anonfun$compilationUnit$1.apply(Parsers.scala:3138)
	at scala.tools.nsc.ast.parser.Parsers$Parser$$anonfun$compilationUnit$1.apply(Parsers.scala:3102)
	at scala.tools.nsc.ast.parser.Parsers$Parser.checkNoEscapingPlaceholders(Parsers.scala:428)
	at scala.tools.nsc.ast.parser.Parsers$Parser.compilationUnit(Parsers.scala:3102)
	at scala.tools.nsc.ast.parser.Parsers$SourceFileParser$$anonfun$parseStartRule$1.apply(Parsers.scala:141)
	at scala.tools.nsc.ast.parser.Parsers$SourceFileParser$$anonfun$parseStartRule$1.apply(Parsers.scala:141)
	at scala.tools.nsc.ast.parser.Parsers$Parser.parse(Parsers.scala:313)
	at scala.tools.nsc.ast.parser.Parsers$UnitParser.smartParse(Parsers.scala:242)
	at scala.tools.nsc.ast.parser.SyntaxAnalyzer$ParserPhase.apply(SyntaxAnalyzer.scala:29)
	at scala.tools.nsc.Global$GlobalPhase.applyPhase(Global.scala:464)
	at scala.tools.nsc.Global$Run$$anonfun$compileLate$2$$anonfun$apply$1.apply(Global.scala:1683)
	at scala.tools.nsc.Global$Run$$anonfun$compileLate$2$$anonfun$apply$1.apply(Global.scala:1683)
	at scala.reflect.internal.SymbolTable.atPhase(SymbolTable.scala:207)
	at scala.tools.nsc.Global$Run$$anonfun$compileLate$2.apply(Global.scala:1683)
	at scala.tools.nsc.Global$Run$$anonfun$compileLate$2.apply(Global.scala:1682)
	at scala.collection.Iterator$class.foreach(Iterator.scala:727)
	at scala.collection.AbstractIterator.foreach(Iterator.scala:1157)
	at scala.tools.nsc.Global$Run.compileLate(Global.scala:1682)
	at scala.tools.nsc.interactive.Global.scala$tools$nsc$interactive$Global$$parseAndEnter(Global.scala:573)
	at scala.tools.nsc.interactive.Global$$anonfun$scala$tools$nsc$interactive$Global$$getParsedEnteredNow$1$$anonfun$apply$21.apply(Global.scala:1106)
	at scala.tools.nsc.interactive.Global$$anonfun$scala$tools$nsc$interactive$Global$$getParsedEnteredNow$1$$anonfun$apply$21.apply(Global.scala:1105)
	at scala.tools.nsc.interactive.CompilerControl$class.onUnitOf(CompilerControl.scala:67)
	at scala.tools.nsc.interactive.Global.onUnitOf(Global.scala:28)
	at scala.tools.nsc.interactive.Global$$anonfun$scala$tools$nsc$interactive$Global$$getParsedEnteredNow$1.apply(Global.scala:1105)
	at scala.tools.nsc.interactive.Global$$anonfun$scala$tools$nsc$interactive$Global$$getParsedEnteredNow$1.apply(Global.scala:1105)
	at scala.tools.nsc.interactive.Global$$anonfun$respond$1.apply(Global.scala:616)
	at scala.tools.nsc.interactive.Global$$anonfun$respond$1.apply(Global.scala:616)
	at scala.tools.nsc.interactive.Global.respondGradually(Global.scala:623)
	at scala.tools.nsc.interactive.Global.respond(Global.scala:616)
	at scala.tools.nsc.interactive.Global.scala$tools$nsc$interactive$Global$$getParsedEnteredNow(Global.scala:1104)
	at scala.tools.nsc.interactive.Global.getParsedEntered(Global.scala:1095)
	at scala.tools.nsc.interactive.CompilerControl$AskParsedEnteredItem.apply$mcV$sp(CompilerControl.scala:415)
	at scala.tools.nsc.interactive.Global.pollForWork(Global.scala:388)
	at scala.tools.nsc.interactive.Global.pollForWork(Global.scala:344)
	at scala.tools.nsc.interactive.PresentationCompilerThread.run(PresentationCompilerThread.scala:22)
